\BOOKMARK [0][-]{chapter.1}{\376\377\000I\000n\000t\000r\000o\000d\000u\000c\000t\000i\000o\000n}{}% 1
\BOOKMARK [1][-]{section.1.1}{\376\377\000O\000v\000e\000r\000v\000i\000e\000w}{chapter.1}% 2
\BOOKMARK [2][-]{subsection.1.1.1}{\376\377\000K\000e\000y\000\040\000F\000e\000a\000t\000u\000r\000e\000s}{section.1.1}% 3
\BOOKMARK [2][-]{subsection.1.1.2}{\376\377\000S\000y\000s\000t\000e\000m\000\040\000R\000e\000q\000u\000i\000r\000e\000m\000e\000n\000t\000s}{section.1.1}% 4
\BOOKMARK [1][-]{section.1.2}{\376\377\000I\000n\000s\000t\000a\000l\000l\000a\000t\000i\000o\000n}{chapter.1}% 5
\BOOKMARK [2][-]{subsection.1.2.1}{\376\377\000P\000r\000e\000r\000e\000q\000u\000i\000s\000i\000t\000e\000s}{section.1.2}% 6
\BOOKMARK [2][-]{subsection.1.2.2}{\376\377\000R\000u\000n\000n\000i\000n\000g\000\040\000t\000h\000e\000\040\000A\000p\000p\000l\000i\000c\000a\000t\000i\000o\000n}{section.1.2}% 7
\BOOKMARK [0][-]{chapter.2}{\376\377\000U\000s\000e\000r\000\040\000I\000n\000t\000e\000r\000f\000a\000c\000e}{}% 8
\BOOKMARK [1][-]{section.2.1}{\376\377\000M\000a\000i\000n\000\040\000W\000i\000n\000d\000o\000w\000\040\000L\000a\000y\000o\000u\000t}{chapter.2}% 9
\BOOKMARK [1][-]{section.2.2}{\376\377\000M\000e\000n\000u\000\040\000B\000a\000r}{chapter.2}% 10
\BOOKMARK [2][-]{subsection.2.2.1}{\376\377\000F\000i\000l\000e\000\040\000M\000e\000n\000u}{section.2.2}% 11
\BOOKMARK [2][-]{subsection.2.2.2}{\376\377\000E\000d\000i\000t\000\040\000M\000e\000n\000u}{section.2.2}% 12
\BOOKMARK [2][-]{subsection.2.2.3}{\376\377\000V\000i\000e\000w\000\040\000M\000e\000n\000u}{section.2.2}% 13
\BOOKMARK [1][-]{section.2.3}{\376\377\000T\000o\000o\000l\000b\000a\000r}{chapter.2}% 14
\BOOKMARK [1][-]{section.2.4}{\376\377\000L\000e\000f\000t\000\040\000P\000a\000n\000e\000l\000:\000\040\000T\000o\000o\000l\000b\000o\000x\000\040\000\046\000\040\000L\000a\000y\000e\000r\000s}{chapter.2}% 15
\BOOKMARK [2][-]{subsection.2.4.1}{\376\377\000N\000o\000d\000e\000\040\000T\000o\000o\000l\000b\000o\000x}{section.2.4}% 16
\BOOKMARK [2][-]{subsection.2.4.2}{\376\377\000L\000a\000y\000e\000r\000s\000\040\000P\000a\000n\000e\000l}{section.2.4}% 17
\BOOKMARK [2][-]{subsection.2.4.3}{\376\377\000E\000l\000e\000m\000e\000n\000t\000s\000\040\000L\000i\000s\000t}{section.2.4}% 18
\BOOKMARK [1][-]{section.2.5}{\376\377\000R\000i\000g\000h\000t\000\040\000P\000a\000n\000e\000l\000:\000\040\000P\000r\000o\000p\000e\000r\000t\000i\000e\000s}{chapter.2}% 19
\BOOKMARK [2][-]{subsection.2.5.1}{\376\377\000N\000o\000d\000e\000\040\000P\000r\000o\000p\000e\000r\000t\000i\000e\000s}{section.2.5}% 20
\BOOKMARK [2][-]{subsection.2.5.2}{\376\377\000P\000a\000t\000h\000\040\000P\000r\000o\000p\000e\000r\000t\000i\000e\000s}{section.2.5}% 21
\BOOKMARK [1][-]{section.2.6}{\376\377\000C\000a\000n\000v\000a\000s\000\040\000A\000r\000e\000a}{chapter.2}% 22
\BOOKMARK [2][-]{subsection.2.6.1}{\376\377\000N\000a\000v\000i\000g\000a\000t\000i\000o\000n}{section.2.6}% 23
\BOOKMARK [2][-]{subsection.2.6.2}{\376\377\000G\000r\000i\000d\000\040\000a\000n\000d\000\040\000S\000n\000a\000p\000p\000i\000n\000g}{section.2.6}% 24
\BOOKMARK [2][-]{subsection.2.6.3}{\376\377\000M\000i\000n\000i\000m\000a\000p}{section.2.6}% 25
\BOOKMARK [1][-]{section.2.7}{\376\377\000S\000t\000a\000t\000u\000s\000\040\000B\000a\000r}{chapter.2}% 26
\BOOKMARK [0][-]{chapter.3}{\376\377\000W\000o\000r\000k\000i\000n\000g\000\040\000w\000i\000t\000h\000\040\000N\000o\000d\000e\000s}{}% 27
\BOOKMARK [1][-]{section.3.1}{\376\377\000A\000d\000d\000i\000n\000g\000\040\000N\000o\000d\000e\000s}{chapter.3}% 28
\BOOKMARK [2][-]{subsection.3.1.1}{\376\377\000M\000e\000t\000h\000o\000d\000\040\0001\000:\000\040\000T\000o\000o\000l\000b\000o\000x\000\040\000B\000u\000t\000t\000o\000n}{section.3.1}% 29
\BOOKMARK [2][-]{subsection.3.1.2}{\376\377\000M\000e\000t\000h\000o\000d\000\040\0002\000:\000\040\000R\000i\000g\000h\000t\000-\000C\000l\000i\000c\000k\000\040\000M\000e\000n\000u}{section.3.1}% 30
\BOOKMARK [1][-]{section.3.2}{\376\377\000S\000e\000l\000e\000c\000t\000i\000n\000g\000\040\000N\000o\000d\000e\000s}{chapter.3}% 31
\BOOKMARK [1][-]{section.3.3}{\376\377\000M\000o\000v\000i\000n\000g\000\040\000N\000o\000d\000e\000s}{chapter.3}% 32
\BOOKMARK [1][-]{section.3.4}{\376\377\000E\000d\000i\000t\000i\000n\000g\000\040\000N\000o\000d\000e\000\040\000P\000r\000o\000p\000e\000r\000t\000i\000e\000s}{chapter.3}% 33
\BOOKMARK [1][-]{section.3.5}{\376\377\000D\000u\000p\000l\000i\000c\000a\000t\000i\000n\000g\000\040\000N\000o\000d\000e\000s}{chapter.3}% 34
\BOOKMARK [1][-]{section.3.6}{\376\377\000D\000e\000l\000e\000t\000i\000n\000g\000\040\000N\000o\000d\000e\000s}{chapter.3}% 35
\BOOKMARK [1][-]{section.3.7}{\376\377\000A\000l\000i\000g\000n\000i\000n\000g\000\040\000M\000u\000l\000t\000i\000p\000l\000e\000\040\000N\000o\000d\000e\000s}{chapter.3}% 36
\BOOKMARK [0][-]{chapter.4}{\376\377\000W\000o\000r\000k\000i\000n\000g\000\040\000w\000i\000t\000h\000\040\000P\000a\000t\000h\000s}{}% 37
\BOOKMARK [1][-]{section.4.1}{\376\377\000P\000a\000t\000h\000\040\000C\000o\000n\000c\000e\000p\000t\000s}{chapter.4}% 38
\BOOKMARK [1][-]{section.4.2}{\376\377\000P\000a\000t\000h\000\040\000T\000y\000p\000e\000s}{chapter.4}% 39
\BOOKMARK [2][-]{subsection.4.2.1}{\376\377\000S\000i\000n\000g\000l\000e\000\040\000L\000a\000n\000e}{section.4.2}% 40
\BOOKMARK [2][-]{subsection.4.2.2}{\376\377\000D\000o\000u\000b\000l\000e\000\040\000L\000a\000n\000e}{section.4.2}% 41
\BOOKMARK [1][-]{section.4.3}{\376\377\000R\000o\000u\000t\000i\000n\000g\000\040\000M\000o\000d\000e\000s}{chapter.4}% 42
\BOOKMARK [2][-]{subsection.4.3.1}{\376\377\000D\000i\000r\000e\000c\000t\000\040\000R\000o\000u\000t\000i\000n\000g}{section.4.3}% 43
\BOOKMARK [2][-]{subsection.4.3.2}{\376\377\000M\000a\000n\000h\000a\000t\000t\000a\000n\000\040\000R\000o\000u\000t\000i\000n\000g}{section.4.3}% 44
\BOOKMARK [1][-]{section.4.4}{\376\377\000C\000r\000e\000a\000t\000i\000n\000g\000\040\000P\000a\000t\000h\000s}{chapter.4}% 45
\BOOKMARK [2][-]{subsection.4.4.1}{\376\377\000M\000e\000t\000h\000o\000d\000\040\0001\000:\000\040\000P\000a\000t\000h\000\040\000T\000o\000o\000l}{section.4.4}% 46
\BOOKMARK [2][-]{subsection.4.4.2}{\376\377\000M\000e\000t\000h\000o\000d\000\040\0002\000:\000\040\000R\000i\000g\000h\000t\000-\000C\000l\000i\000c\000k\000\040\000M\000e\000n\000u}{section.4.4}% 47
\BOOKMARK [2][-]{subsection.4.4.3}{\376\377\000S\000e\000t\000t\000i\000n\000g\000\040\000P\000a\000t\000h\000\040\000O\000p\000t\000i\000o\000n\000s\000\040\000B\000e\000f\000o\000r\000e\000\040\000D\000r\000a\000w\000i\000n\000g}{section.4.4}% 48
\BOOKMARK [1][-]{section.4.5}{\376\377\000A\000d\000d\000i\000n\000g\000\040\000W\000a\000y\000p\000o\000i\000n\000t\000s}{chapter.4}% 49
\BOOKMARK [1][-]{section.4.6}{\376\377\000E\000d\000i\000t\000i\000n\000g\000\040\000P\000a\000t\000h\000s}{chapter.4}% 50
\BOOKMARK [1][-]{section.4.7}{\376\377\000D\000e\000l\000e\000t\000i\000n\000g\000\040\000P\000a\000t\000h\000s}{chapter.4}% 51
\BOOKMARK [0][-]{chapter.5}{\376\377\000S\000i\000m\000u\000l\000a\000t\000i\000o\000n\000\040\000P\000a\000r\000a\000m\000e\000t\000e\000r\000s}{}% 52
\BOOKMARK [1][-]{section.5.1}{\376\377\000O\000v\000e\000r\000v\000i\000e\000w}{chapter.5}% 53
\BOOKMARK [1][-]{section.5.2}{\376\377\000S\000t\000a\000t\000i\000s\000t\000i\000c\000a\000l\000\040\000D\000i\000s\000t\000r\000i\000b\000u\000t\000i\000o\000n\000s}{chapter.5}% 54
\BOOKMARK [1][-]{section.5.3}{\376\377\000N\000o\000d\000e\000-\000S\000p\000e\000c\000i\000f\000i\000c\000\040\000P\000a\000r\000a\000m\000e\000t\000e\000r\000s}{chapter.5}% 55
\BOOKMARK [2][-]{subsection.5.3.1}{\376\377\000S\000o\000u\000r\000c\000e\000\040\000N\000o\000d\000e\000s}{section.5.3}% 56
\BOOKMARK [2][-]{subsection.5.3.2}{\376\377\000M\000a\000c\000h\000i\000n\000e\000\040\000\046\000\040\000W\000o\000r\000k\000s\000t\000a\000t\000i\000o\000n\000\040\000N\000o\000d\000e\000s}{section.5.3}% 57
\BOOKMARK [2][-]{subsection.5.3.3}{\376\377\000B\000u\000f\000f\000e\000r\000\040\000\046\000\040\000S\000t\000o\000r\000a\000g\000e\000\040\000N\000o\000d\000e\000s}{section.5.3}% 58
\BOOKMARK [2][-]{subsection.5.3.4}{\376\377\000I\000n\000s\000p\000e\000c\000t\000i\000o\000n\000\040\000N\000o\000d\000e\000s}{section.5.3}% 59
\BOOKMARK [2][-]{subsection.5.3.5}{\376\377\000S\000i\000n\000k\000\040\000N\000o\000d\000e\000s}{section.5.3}% 60
\BOOKMARK [1][-]{section.5.4}{\376\377\000P\000a\000t\000h\000\040\000P\000a\000r\000a\000m\000e\000t\000e\000r\000s}{chapter.5}% 61
\BOOKMARK [0][-]{chapter.6}{\376\377\000V\000a\000l\000i\000d\000a\000t\000i\000o\000n}{}% 62
\BOOKMARK [1][-]{section.6.1}{\376\377\000O\000v\000e\000r\000v\000i\000e\000w}{chapter.6}% 63
\BOOKMARK [1][-]{section.6.2}{\376\377\000V\000a\000l\000i\000d\000a\000t\000i\000o\000n\000\040\000R\000u\000l\000e\000s}{chapter.6}% 64
\BOOKMARK [2][-]{subsection.6.2.1}{\376\377\000E\000r\000r\000o\000r\000-\000L\000e\000v\000e\000l\000\040\000I\000s\000s\000u\000e\000s}{section.6.2}% 65
\BOOKMARK [2][-]{subsection.6.2.2}{\376\377\000W\000a\000r\000n\000i\000n\000g\000-\000L\000e\000v\000e\000l\000\040\000I\000s\000s\000u\000e\000s}{section.6.2}% 66
\BOOKMARK [1][-]{section.6.3}{\376\377\000I\000n\000t\000e\000r\000p\000r\000e\000t\000i\000n\000g\000\040\000R\000e\000s\000u\000l\000t\000s}{chapter.6}% 67
\BOOKMARK [0][-]{chapter.7}{\376\377\000F\000i\000l\000e\000\040\000O\000p\000e\000r\000a\000t\000i\000o\000n\000s}{}% 68
\BOOKMARK [1][-]{section.7.1}{\376\377\000F\000i\000l\000e\000\040\000F\000o\000r\000m\000a\000t}{chapter.7}% 69
\BOOKMARK [1][-]{section.7.2}{\376\377\000S\000a\000v\000i\000n\000g\000\040\000L\000a\000y\000o\000u\000t\000s}{chapter.7}% 70
\BOOKMARK [2][-]{subsection.7.2.1}{\376\377\000S\000a\000v\000e}{section.7.2}% 71
\BOOKMARK [2][-]{subsection.7.2.2}{\376\377\000S\000a\000v\000e\000\040\000A\000s}{section.7.2}% 72
\BOOKMARK [1][-]{section.7.3}{\376\377\000O\000p\000e\000n\000i\000n\000g\000\040\000L\000a\000y\000o\000u\000t\000s}{chapter.7}% 73
\BOOKMARK [1][-]{section.7.4}{\376\377\000E\000x\000p\000o\000r\000t\000i\000n\000g\000\040\000f\000o\000r\000\040\000S\000i\000m\000u\000l\000a\000t\000i\000o\000n}{chapter.7}% 74
\BOOKMARK [1][-]{section.7.5}{\376\377\000I\000m\000p\000o\000r\000t\000i\000n\000g\000\040\000B\000a\000c\000k\000g\000r\000o\000u\000n\000d\000\040\000I\000m\000a\000g\000e\000s}{chapter.7}% 75
\BOOKMARK [0][-]{chapter.8}{\376\377\000K\000e\000y\000b\000o\000a\000r\000d\000\040\000S\000h\000o\000r\000t\000c\000u\000t\000s}{}% 76
\BOOKMARK [1][-]{section.8.1}{\376\377\000Q\000u\000i\000c\000k\000\040\000R\000e\000f\000e\000r\000e\000n\000c\000e}{chapter.8}% 77
\BOOKMARK [0][-]{chapter.9}{\376\377\000B\000e\000s\000t\000\040\000P\000r\000a\000c\000t\000i\000c\000e\000s}{}% 78
\BOOKMARK [1][-]{section.9.1}{\376\377\000L\000a\000y\000o\000u\000t\000\040\000D\000e\000s\000i\000g\000n\000\040\000T\000i\000p\000s}{chapter.9}% 79
\BOOKMARK [1][-]{section.9.2}{\376\377\000N\000a\000m\000i\000n\000g\000\040\000C\000o\000n\000v\000e\000n\000t\000i\000o\000n\000s}{chapter.9}% 80
\BOOKMARK [1][-]{section.9.3}{\376\377\000P\000e\000r\000f\000o\000r\000m\000a\000n\000c\000e\000\040\000C\000o\000n\000s\000i\000d\000e\000r\000a\000t\000i\000o\000n\000s}{chapter.9}% 81
\BOOKMARK [0][-]{chapter.10}{\376\377\000T\000r\000o\000u\000b\000l\000e\000s\000h\000o\000o\000t\000i\000n\000g}{}% 82
\BOOKMARK [1][-]{section.10.1}{\376\377\000C\000o\000m\000m\000o\000n\000\040\000I\000s\000s\000u\000e\000s}{chapter.10}% 83
\BOOKMARK [2][-]{subsection.10.1.1}{\376\377\000A\000p\000p\000l\000i\000c\000a\000t\000i\000o\000n\000\040\000W\000o\000n\000'\000t\000\040\000S\000t\000a\000r\000t}{section.10.1}% 84
\BOOKMARK [2][-]{subsection.10.1.2}{\376\377\000C\000a\000n\000n\000o\000t\000\040\000S\000a\000v\000e\000\040\000F\000i\000l\000e}{section.10.1}% 85
\BOOKMARK [2][-]{subsection.10.1.3}{\376\377\000N\000o\000d\000e\000s\000\040\000N\000o\000t\000\040\000V\000i\000s\000i\000b\000l\000e}{section.10.1}% 86
\BOOKMARK [2][-]{subsection.10.1.4}{\376\377\000P\000a\000t\000h\000s\000\040\000N\000o\000t\000\040\000C\000o\000n\000n\000e\000c\000t\000i\000n\000g\000\040\000P\000r\000o\000p\000e\000r\000l\000y}{section.10.1}% 87
\BOOKMARK [1][-]{section.10.2}{\376\377\000G\000e\000t\000t\000i\000n\000g\000\040\000H\000e\000l\000p}{chapter.10}% 88
\BOOKMARK [0][-]{appendix.A}{\376\377\000J\000S\000O\000N\000\040\000S\000c\000h\000e\000m\000a\000\040\000R\000e\000f\000e\000r\000e\000n\000c\000e}{}% 89
\BOOKMARK [1][-]{section.A.1}{\376\377\000R\000o\000o\000t\000\040\000S\000t\000r\000u\000c\000t\000u\000r\000e}{appendix.A}% 90
\BOOKMARK [1][-]{section.A.2}{\376\377\000N\000o\000d\000e\000\040\000O\000b\000j\000e\000c\000t}{appendix.A}% 91
\BOOKMARK [1][-]{section.A.3}{\376\377\000P\000a\000t\000h\000\040\000O\000b\000j\000e\000c\000t}{appendix.A}% 92
\BOOKMARK [0][-]{appendix.B}{\376\377\000I\000c\000o\000n\000\040\000R\000e\000f\000e\000r\000e\000n\000c\000e}{}% 93
\BOOKMARK [1][-]{section.B.1}{\376\377\000A\000v\000a\000i\000l\000a\000b\000l\000e\000\040\000I\000c\000o\000n\000s}{appendix.B}% 94
\BOOKMARK [0][-]{appendix*.2}{\376\377\000D\000o\000c\000u\000m\000e\000n\000t\000\040\000H\000i\000s\000t\000o\000r\000y}{}% 95
